# JRE version: OpenJDK Runtime Environment GraalVM CE 22.3.0 (17.0.5+8) (build 17.0.5+8-jvmci-22.3-b08)
# Java VM: OpenJDK 64-Bit Server VM GraalVM CE 22.3.0 (17.0.5+8-jvmci-22.3-b08, mixed mode, sharing, tiered, jvmci, jvmci compiler, compressed oops, compressed class ptrs, parallel gc, linux-amd64)
GC Precious Log:
 CPUs: 8 total, 1 available
 Memory: 1024M
 Large Page Support: Disabled
 NUMA Support: Disabled
 Compressed Oops: Enabled (32-bit)
 Alignments: Space 512K, Generation 512K, Heap 2M
 Heap Min Capacity: 100M
 Heap Initial Capacity: 100M
 Heap Max Capacity: 512M
 Pre-touch: Disabled
 Parallel Workers: 1
Heap:
 PSYoungGen      total 41472K, used 22528K [0x00000000f5580000, 0x00000000f9d00000, 0x0000000100000000)
  eden space 22528K, 100% used [0x00000000f5580000,0x00000000f6b80000,0x00000000f6b80000)
  from space 18944K, 0% used [0x00000000f6b80000,0x00000000f6b80000,0x00000000f7e00000)
  to   space 23552K, 0% used [0x00000000f8600000,0x00000000f8600000,0x00000000f9d00000)
 ParOldGen       total 349696K, used 349695K [0x00000000e0000000, 0x00000000f5580000, 0x00000000f5580000)
  object space 349696K, 99% used [0x00000000e0000000,0x00000000f557ffe0,0x00000000f5580000)
 Metaspace       used 55002K, committed 55936K, reserved 1105920K
  class space    used 5497K, committed 5888K, reserved 1048576K
GC Heap History (20 events):
Event: 766.755 GC heap before
{Heap before GC invocations=619 (full 498):
 PSYoungGen      total 41472K, used 22527K [0x00000000f5580000, 0x00000000f9d00000, 0x0000000100000000)
  eden space 22528K, 99% used [0x00000000f5580000,0x00000000f6b7fff0,0x00000000f6b80000)
  from space 18944K, 0% used [0x00000000f6b80000,0x00000000f6b80000,0x00000000f7e00000)
  to   space 23552K, 0% used [0x00000000f8600000,0x00000000f8600000,0x00000000f9d00000)
 ParOldGen       total 349696K, used 349695K [0x00000000e0000000, 0x00000000f5580000, 0x00000000f5580000)
  object space 349696K, 99% used [0x00000000e0000000,0x00000000f557ffe8,0x00000000f5580000)
 Metaspace       used 55002K, committed 55936K, reserved 1105920K
  class space    used 5497K, committed 5888K, reserved 1048576K
}
Event: 768.216 GC heap after
{Heap after GC invocations=619 (full 498):
 PSYoungGen      total 46080K, used 22527K [0x00000000f5580000, 0x00000000f9d00000, 0x0000000100000000)
  eden space 22528K, 99% used [0x00000000f5580000,0x00000000f6b7fff0,0x00000000f6b80000)
  from space 23552K, 0% used [0x00000000f8600000,0x00000000f8600000,0x00000000f9d00000)
  to   space 18944K, 0% used [0x00000000f6b80000,0x00000000f6b80000,0x00000000f7e00000)
 ParOldGen       total 349696K, used 349695K [0x00000000e0000000, 0x00000000f5580000, 0x00000000f5580000)
  object space 349696K, 99% used [0x00000000e0000000,0x00000000f557ffa0,0x00000000f5580000)
 Metaspace       used 55002K, committed 55936K, reserved 1105920K
  class space    used 5497K, committed 5888K, reserved 1048576K
}
Event: 768.217 GC heap before
{Heap before GC invocations=620 (full 499):
 PSYoungGen      total 46080K, used 22527K [0x00000000f5580000, 0x00000000f9d00000, 0x0000000100000000)
  eden space 22528K, 99% used [0x00000000f5580000,0x00000000f6b7fff0,0x00000000f6b80000)
  from space 23552K, 0% used [0x00000000f8600000,0x00000000f8600000,0x00000000f9d00000)
  to   space 18944K, 0% used [0x00000000f6b80000,0x00000000f6b80000,0x00000000f7e00000)
 ParOldGen       total 349696K, used 349695K [0x00000000e0000000, 0x00000000f5580000, 0x00000000f5580000)
  object space 349696K, 99% used [0x00000000e0000000,0x00000000f557fff8,0x00000000f5580000)
 Metaspace       used 55002K, committed 55936K, reserved 1105920K
  class space    used 5497K, committed 5888K, reserved 1048576K
}
Event: 769.575 GC heap after
{Heap after GC invocations=620 (full 499):
 PSYoungGen      total 41472K, used 22527K [0x00000000f5580000, 0x00000000f9d00000, 0x0000000100000000)
  eden space 22528K, 99% used [0x00000000f5580000,0x00000000f6b7ffd8,0x00000000f6b80000)
  from space 18944K, 0% used [0x00000000f6b80000,0x00000000f6b80000,0x00000000f7e00000)
  to   space 23552K, 0% used [0x00000000f8600000,0x00000000f8600000,0x00000000f9d00000)
 ParOldGen       total 349696K, used 349695K [0x00000000e0000000, 0x00000000f5580000, 0x00000000f5580000)
  object space 349696K, 99% used [0x00000000e0000000,0x00000000f557ffc0,0x00000000f5580000)
 Metaspace       used 55002K, committed 55936K, reserved 1105920K
  class space    used 5497K, committed 5888K, reserved 1048576K
}
Event: 769.575 GC heap before
{Heap before GC invocations=621 (full 500):
 PSYoungGen      total 41472K, used 22527K [0x00000000f5580000, 0x00000000f9d00000, 0x0000000100000000)
  eden space 22528K, 99% used [0x00000000f5580000,0x00000000f6b7fff8,0x00000000f6b80000)
  from space 18944K, 0% used [0x00000000f6b80000,0x00000000f6b80000,0x00000000f7e00000)
  to   space 23552K, 0% used [0x00000000f8600000,0x00000000f8600000,0x00000000f9d00000)
 ParOldGen       total 349696K, used 349695K [0x00000000e0000000, 0x00000000f5580000, 0x00000000f5580000)
  object space 349696K, 99% used [0x00000000e0000000,0x00000000f557ffc0,0x00000000f5580000)
 Metaspace       used 55002K, committed 55936K, reserved 1105920K
  class space    used 5497K, committed 5888K, reserved 1048576K
}
Event: 771.036 GC heap after
{Heap after GC invocations=621 (full 500):
 PSYoungGen      total 46080K, used 22527K [0x00000000f5580000, 0x00000000f9d00000, 0x0000000100000000)
  eden space 22528K, 99% used [0x00000000f5580000,0x00000000f6b7fff8,0x00000000f6b80000)
  from space 23552K, 0% used [0x00000000f8600000,0x00000000f8600000,0x00000000f9d00000)
  to   space 18944K, 0% used [0x00000000f6b80000,0x00000000f6b80000,0x00000000f7e00000)
 ParOldGen       total 349696K, used 349695K [0x00000000e0000000, 0x00000000f5580000, 0x00000000f5580000)
  object space 349696K, 99% used [0x00000000e0000000,0x00000000f557ffc0,0x00000000f5580000)
 Metaspace       used 55002K, committed 55936K, reserved 1105920K
  class space    used 5497K, committed 5888K, reserved 1048576K
}
Event: 771.036 GC heap before
{Heap before GC invocations=622 (full 501):
 PSYoungGen      total 46080K, used 22527K [0x00000000f5580000, 0x00000000f9d00000, 0x0000000100000000)
  eden space 22528K, 99% used [0x00000000f5580000,0x00000000f6b7fff8,0x00000000f6b80000)
  from space 23552K, 0% used [0x00000000f8600000,0x00000000f8600000,0x00000000f9d00000)
  to   space 18944K, 0% used [0x00000000f6b80000,0x00000000f6b80000,0x00000000f7e00000)
 ParOldGen       total 349696K, used 349695K [0x00000000e0000000, 0x00000000f5580000, 0x00000000f5580000)
  object space 349696K, 99% used [0x00000000e0000000,0x00000000f557ffd8,0x00000000f5580000)
 Metaspace       used 55002K, committed 55936K, reserved 1105920K
  class space    used 5497K, committed 5888K, reserved 1048576K
}
Event: 772.464 GC heap after
{Heap after GC invocations=622 (full 501):
 PSYoungGen      total 41472K, used 22527K [0x00000000f5580000, 0x00000000f9d00000, 0x0000000100000000)
  eden space 22528K, 99% used [0x00000000f5580000,0x00000000f6b7ffd8,0x00000000f6b80000)
  from space 18944K, 0% used [0x00000000f6b80000,0x00000000f6b80000,0x00000000f7e00000)
  to   space 23552K, 0% used [0x00000000f8600000,0x00000000f8600000,0x00000000f9d00000)
 ParOldGen       total 349696K, used 349695K [0x00000000e0000000, 0x00000000f5580000, 0x00000000f5580000)
  object space 349696K, 99% used [0x00000000e0000000,0x00000000f557ffd8,0x00000000f5580000)
 Metaspace       used 55002K, committed 55936K, reserved 1105920K
  class space    used 5497K, committed 5888K, reserved 1048576K
}
Event: 772.464 GC heap before
{Heap before GC invocations=623 (full 502):
 PSYoungGen      total 41472K, used 22527K [0x00000000f5580000, 0x00000000f9d00000, 0x0000000100000000)
  eden space 22528K, 99% used [0x00000000f5580000,0x00000000f6b7ffd8,0x00000000f6b80000)
  from space 18944K, 0% used [0x00000000f6b80000,0x00000000f6b80000,0x00000000f7e00000)
  to   space 23552K, 0% used [0x00000000f8600000,0x00000000f8600000,0x00000000f9d00000)
 ParOldGen       total 349696K, used 349695K [0x00000000e0000000, 0x00000000f5580000, 0x00000000f5580000)
  object space 349696K, 99% used [0x00000000e0000000,0x00000000f557ffd8,0x00000000f5580000)
 Metaspace       used 55002K, committed 55936K, reserved 1105920K
  class space    used 5497K, committed 5888K, reserved 1048576K
}
Event: 773.964 GC heap after
{Heap after GC invocations=623 (full 502):
 PSYoungGen      total 46080K, used 22527K [0x00000000f5580000, 0x00000000f9d00000, 0x0000000100000000)
  eden space 22528K, 99% used [0x00000000f5580000,0x00000000f6b7ffd8,0x00000000f6b80000)
  from space 23552K, 0% used [0x00000000f8600000,0x00000000f8600000,0x00000000f9d00000)
  to   space 18944K, 0% used [0x00000000f6b80000,0x00000000f6b80000,0x00000000f7e00000)
 ParOldGen       total 349696K, used 349695K [0x00000000e0000000, 0x00000000f5580000, 0x00000000f5580000)
  object space 349696K, 99% used [0x00000000e0000000,0x00000000f557ffd8,0x00000000f5580000)
 Metaspace       used 55002K, committed 55936K, reserved 1105920K
  class space    used 5497K, committed 5888K, reserved 1048576K
}
Event: 773.964 GC heap before
{Heap before GC invocations=624 (full 503):
 PSYoungGen      total 46080K, used 22527K [0x00000000f5580000, 0x00000000f9d00000, 0x0000000100000000)
  eden space 22528K, 99% used [0x00000000f5580000,0x00000000f6b7fff8,0x00000000f6b80000)
  from space 23552K, 0% used [0x00000000f8600000,0x00000000f8600000,0x00000000f9d00000)
  to   space 18944K, 0% used [0x00000000f6b80000,0x00000000f6b80000,0x00000000f7e00000)
 ParOldGen       total 349696K, used 349695K [0x00000000e0000000, 0x00000000f5580000, 0x00000000f5580000)
  object space 349696K, 99% used [0x00000000e0000000,0x00000000f557fff8,0x00000000f5580000)
 Metaspace       used 55002K, committed 55936K, reserved 1105920K
  class space    used 5497K, committed 5888K, reserved 1048576K
}
Event: 775.536 GC heap after
{Heap after GC invocations=624 (full 503):
 PSYoungGen      total 41472K, used 22527K [0x00000000f5580000, 0x00000000f9d00000, 0x0000000100000000)
  eden space 22528K, 99% used [0x00000000f5580000,0x00000000f6b7ffd8,0x00000000f6b80000)
  from space 18944K, 0% used [0x00000000f6b80000,0x00000000f6b80000,0x00000000f7e00000)
  to   space 23552K, 0% used [0x00000000f8600000,0x00000000f8600000,0x00000000f9d00000)
 ParOldGen       total 349696K, used 349694K [0x00000000e0000000, 0x00000000f5580000, 0x00000000f5580000)
  object space 349696K, 99% used [0x00000000e0000000,0x00000000f557fa38,0x00000000f5580000)
 Metaspace       used 55002K, committed 55936K, reserved 1105920K
  class space    used 5497K, committed 5888K, reserved 1048576K
}
Event: 775.537 GC heap before
{Heap before GC invocations=625 (full 504):
 PSYoungGen      total 41472K, used 22527K [0x00000000f5580000, 0x00000000f9d00000, 0x0000000100000000)
  eden space 22528K, 99% used [0x00000000f5580000,0x00000000f6b7fff8,0x00000000f6b80000)
  from space 18944K, 0% used [0x00000000f6b80000,0x00000000f6b80000,0x00000000f7e00000)
  to   space 23552K, 0% used [0x00000000f8600000,0x00000000f8600000,0x00000000f9d00000)
 ParOldGen       total 349696K, used 349694K [0x00000000e0000000, 0x00000000f5580000, 0x00000000f5580000)
  object space 349696K, 99% used [0x00000000e0000000,0x00000000f557fa38,0x00000000f5580000)
 Metaspace       used 55002K, committed 55936K, reserved 1105920K
  class space    used 5497K, committed 5888K, reserved 1048576K
}
Event: 777.056 GC heap after
{Heap after GC invocations=625 (full 504):
 PSYoungGen      total 46080K, used 22527K [0x00000000f5580000, 0x00000000f9d00000, 0x0000000100000000)
  eden space 22528K, 99% used [0x00000000f5580000,0x00000000f6b7ffd8,0x00000000f6b80000)
  from space 23552K, 0% used [0x00000000f8600000,0x00000000f8600000,0x00000000f9d00000)
  to   space 18944K, 0% used [0x00000000f6b80000,0x00000000f6b80000,0x00000000f7e00000)
 ParOldGen       total 349696K, used 349694K [0x00000000e0000000, 0x00000000f5580000, 0x00000000f5580000)
  object space 349696K, 99% used [0x00000000e0000000,0x00000000f557fa38,0x00000000f5580000)
 Metaspace       used 55002K, committed 55936K, reserved 1105920K
  class space    used 5497K, committed 5888K, reserved 1048576K
}
Event: 777.065 GC heap before
{Heap before GC invocations=626 (full 505):
 PSYoungGen      total 46080K, used 22527K [0x00000000f5580000, 0x00000000f9d00000, 0x0000000100000000)
  eden space 22528K, 99% used [0x00000000f5580000,0x00000000f6b7fff8,0x00000000f6b80000)
  from space 23552K, 0% used [0x00000000f8600000,0x00000000f8600000,0x00000000f9d00000)
  to   space 18944K, 0% used [0x00000000f6b80000,0x00000000f6b80000,0x00000000f7e00000)
 ParOldGen       total 349696K, used 349694K [0x00000000e0000000, 0x00000000f5580000, 0x00000000f5580000)
  object space 349696K, 99% used [0x00000000e0000000,0x00000000f557fa38,0x00000000f5580000)
 Metaspace       used 55002K, committed 55936K, reserved 1105920K
  class space    used 5497K, committed 5888K, reserved 1048576K
}
Event: 778.579 GC heap after
{Heap after GC invocations=626 (full 505):
 PSYoungGen      total 41472K, used 22527K [0x00000000f5580000, 0x00000000f9d00000, 0x0000000100000000)
  eden space 22528K, 99% used [0x00000000f5580000,0x00000000f6b7ffd8,0x00000000f6b80000)
  from space 18944K, 0% used [0x00000000f6b80000,0x00000000f6b80000,0x00000000f7e00000)
  to   space 23552K, 0% used [0x00000000f8600000,0x00000000f8600000,0x00000000f9d00000)
 ParOldGen       total 349696K, used 349694K [0x00000000e0000000, 0x00000000f5580000, 0x00000000f5580000)
  object space 349696K, 99% used [0x00000000e0000000,0x00000000f557fa38,0x00000000f5580000)
 Metaspace       used 55002K, committed 55936K, reserved 1105920K
  class space    used 5497K, committed 5888K, reserved 1048576K
}
Event: 778.581 GC heap before
{Heap before GC invocations=627 (full 506):
 PSYoungGen      total 41472K, used 22527K [0x00000000f5580000, 0x00000000f9d00000, 0x0000000100000000)
  eden space 22528K, 99% used [0x00000000f5580000,0x00000000f6b7fff8,0x00000000f6b80000)
  from space 18944K, 0% used [0x00000000f6b80000,0x00000000f6b80000,0x00000000f7e00000)
  to   space 23552K, 0% used [0x00000000f8600000,0x00000000f8600000,0x00000000f9d00000)
 ParOldGen       total 349696K, used 349694K [0x00000000e0000000, 0x00000000f5580000, 0x00000000f5580000)
  object space 349696K, 99% used [0x00000000e0000000,0x00000000f557fa38,0x00000000f5580000)
 Metaspace       used 55002K, committed 55936K, reserved 1105920K
  class space    used 5497K, committed 5888K, reserved 1048576K
}
Event: 780.174 GC heap after
{Heap after GC invocations=627 (full 506):
 PSYoungGen      total 46080K, used 22527K [0x00000000f5580000, 0x00000000f9d00000, 0x0000000100000000)
  eden space 22528K, 99% used [0x00000000f5580000,0x00000000f6b7ffd8,0x00000000f6b80000)
  from space 23552K, 0% used [0x00000000f8600000,0x00000000f8600000,0x00000000f9d00000)
  to   space 18944K, 0% used [0x00000000f6b80000,0x00000000f6b80000,0x00000000f7e00000)
 ParOldGen       total 349696K, used 349694K [0x00000000e0000000, 0x00000000f5580000, 0x00000000f5580000)
  object space 349696K, 99% used [0x00000000e0000000,0x00000000f557fa38,0x00000000f5580000)
 Metaspace       used 55002K, committed 55936K, reserved 1105920K
  class space    used 5497K, committed 5888K, reserved 1048576K
}
Event: 780.174 GC heap before
{Heap before GC invocations=628 (full 507):
 PSYoungGen      total 46080K, used 22527K [0x00000000f5580000, 0x00000000f9d00000, 0x0000000100000000)
  eden space 22528K, 99% used [0x00000000f5580000,0x00000000f6b7ffd8,0x00000000f6b80000)
  from space 23552K, 0% used [0x00000000f8600000,0x00000000f8600000,0x00000000f9d00000)
  to   space 18944K, 0% used [0x00000000f6b80000,0x00000000f6b80000,0x00000000f7e00000)
 ParOldGen       total 349696K, used 349694K [0x00000000e0000000, 0x00000000f5580000, 0x00000000f5580000)
  object space 349696K, 99% used [0x00000000e0000000,0x00000000f557fa38,0x00000000f5580000)
 Metaspace       used 55002K, committed 55936K, reserved 1105920K
  class space    used 5497K, committed 5888K, reserved 1048576K
}
Event: 781.636 GC heap after
{Heap after GC invocations=628 (full 507):
 PSYoungGen      total 41472K, used 22527K [0x00000000f5580000, 0x00000000f9d00000, 0x0000000100000000)
  eden space 22528K, 99% used [0x00000000f5580000,0x00000000f6b7ffd8,0x00000000f6b80000)
  from space 18944K, 0% used [0x00000000f6b80000,0x00000000f6b80000,0x00000000f7e00000)
  to   space 23552K, 0% used [0x00000000f8600000,0x00000000f8600000,0x00000000f9d00000)
 ParOldGen       total 349696K, used 349694K [0x00000000e0000000, 0x00000000f5580000, 0x00000000f5580000)
  object space 349696K, 99% used [0x00000000e0000000,0x00000000f557fa38,0x00000000f5580000)
 Metaspace       used 55002K, committed 55936K, reserved 1105920K
  class space    used 5497K, committed 5888K, reserved 1048576K
}

