# JRE version: OpenJDK Runtime Environment GraalVM CE 22.3.0 (17.0.5+8) (build 17.0.5+8-jvmci-22.3-b08)
# Java VM: OpenJDK 64-Bit Server VM GraalVM CE 22.3.0 (17.0.5+8-jvmci-22.3-b08, mixed mode, sharing, tiered, jvmci, jvmci compiler, compressed oops, compressed class ptrs, parallel gc, linux-amd64)
GC Precious Log:
 CPUs: 16 total, 1 available
 Memory: 1024M
 Large Page Support: Disabled
 NUMA Support: Disabled
 Compressed Oops: Enabled (32-bit)
 Alignments: Space 512K, Generation 512K, Heap 2M
 Heap Min Capacity: 100M
 Heap Initial Capacity: 100M
 Heap Max Capacity: 512M
 Pre-touch: Disabled
 Parallel Workers: 1
Heap:
 PSYoungGen      total 57856K, used 49151K [0x00000000f5580000, 0x00000000fa180000, 0x0000000100000000)
  eden space 49152K, 99% used [0x00000000f5580000,0x00000000f857fff8,0x00000000f8580000)
  from space 8704K, 0% used [0x00000000f9580000,0x00000000f9580000,0x00000000f9e00000)
  to   space 13824K, 0% used [0x00000000f8580000,0x00000000f8580000,0x00000000f9300000)
 ParOldGen       total 349696K, used 349695K [0x00000000e0000000, 0x00000000f5580000, 0x00000000f5580000)
  object space 349696K, 99% used [0x00000000e0000000,0x00000000f557fff8,0x00000000f5580000)
 Metaspace       used 61714K, committed 62592K, reserved 1105920K
  class space    used 5696K, committed 6080K, reserved 1048576K
GC Heap History (20 events):
Event: 1907.602 GC heap before
{Heap before GC invocations=765 (full 620):
 PSYoungGen      total 57856K, used 49152K [0x00000000f5580000, 0x00000000fa180000, 0x0000000100000000)
  eden space 49152K, 100% used [0x00000000f5580000,0x00000000f8580000,0x00000000f8580000)
  from space 8704K, 0% used [0x00000000f9580000,0x00000000f9580000,0x00000000f9e00000)
  to   space 13824K, 0% used [0x00000000f8580000,0x00000000f8580000,0x00000000f9300000)
 ParOldGen       total 349696K, used 349694K [0x00000000e0000000, 0x00000000f5580000, 0x00000000f5580000)
  object space 349696K, 99% used [0x00000000e0000000,0x00000000f557fb18,0x00000000f5580000)
 Metaspace       used 61714K, committed 62592K, reserved 1105920K
  class space    used 5696K, committed 6080K, reserved 1048576K
}
Event: 1910.034 GC heap after
{Heap after GC invocations=765 (full 620):
 PSYoungGen      total 62976K, used 49151K [0x00000000f5580000, 0x00000000fa180000, 0x0000000100000000)
  eden space 49152K, 99% used [0x00000000f5580000,0x00000000f857ffe0,0x00000000f8580000)
  from space 13824K, 0% used [0x00000000f8580000,0x00000000f8580000,0x00000000f9300000)
  to   space 8704K, 0% used [0x00000000f9580000,0x00000000f9580000,0x00000000f9e00000)
 ParOldGen       total 349696K, used 349694K [0x00000000e0000000, 0x00000000f5580000, 0x00000000f5580000)
  object space 349696K, 99% used [0x00000000e0000000,0x00000000f557fa58,0x00000000f5580000)
 Metaspace       used 61714K, committed 62592K, reserved 1105920K
  class space    used 5696K, committed 6080K, reserved 1048576K
}
Event: 1910.035 GC heap before
{Heap before GC invocations=766 (full 621):
 PSYoungGen      total 62976K, used 49152K [0x00000000f5580000, 0x00000000fa180000, 0x0000000100000000)
  eden space 49152K, 100% used [0x00000000f5580000,0x00000000f8580000,0x00000000f8580000)
  from space 13824K, 0% used [0x00000000f8580000,0x00000000f8580000,0x00000000f9300000)
  to   space 8704K, 0% used [0x00000000f9580000,0x00000000f9580000,0x00000000f9e00000)
 ParOldGen       total 349696K, used 349694K [0x00000000e0000000, 0x00000000f5580000, 0x00000000f5580000)
  object space 349696K, 99% used [0x00000000e0000000,0x00000000f557fa58,0x00000000f5580000)
 Metaspace       used 61714K, committed 62592K, reserved 1105920K
  class space    used 5696K, committed 6080K, reserved 1048576K
}
Event: 1912.225 GC heap after
{Heap after GC invocations=766 (full 621):
 PSYoungGen      total 57856K, used 49151K [0x00000000f5580000, 0x00000000fa180000, 0x0000000100000000)
  eden space 49152K, 99% used [0x00000000f5580000,0x00000000f857ffc0,0x00000000f8580000)
  from space 8704K, 0% used [0x00000000f9580000,0x00000000f9580000,0x00000000f9e00000)
  to   space 13824K, 0% used [0x00000000f8580000,0x00000000f8580000,0x00000000f9300000)
 ParOldGen       total 349696K, used 349694K [0x00000000e0000000, 0x00000000f5580000, 0x00000000f5580000)
  object space 349696K, 99% used [0x00000000e0000000,0x00000000f557fa58,0x00000000f5580000)
 Metaspace       used 61714K, committed 62592K, reserved 1105920K
  class space    used 5696K, committed 6080K, reserved 1048576K
}
Event: 1912.226 GC heap before
{Heap before GC invocations=767 (full 622):
 PSYoungGen      total 57856K, used 49151K [0x00000000f5580000, 0x00000000fa180000, 0x0000000100000000)
  eden space 49152K, 99% used [0x00000000f5580000,0x00000000f857fff8,0x00000000f8580000)
  from space 8704K, 0% used [0x00000000f9580000,0x00000000f9580000,0x00000000f9e00000)
  to   space 13824K, 0% used [0x00000000f8580000,0x00000000f8580000,0x00000000f9300000)
 ParOldGen       total 349696K, used 349694K [0x00000000e0000000, 0x00000000f5580000, 0x00000000f5580000)
  object space 349696K, 99% used [0x00000000e0000000,0x00000000f557fa58,0x00000000f5580000)
 Metaspace       used 61714K, committed 62592K, reserved 1105920K
  class space    used 5696K, committed 6080K, reserved 1048576K
}
Event: 1914.824 GC heap after
{Heap after GC invocations=767 (full 622):
 PSYoungGen      total 62976K, used 49151K [0x00000000f5580000, 0x00000000fa180000, 0x0000000100000000)
  eden space 49152K, 99% used [0x00000000f5580000,0x00000000f857fff8,0x00000000f8580000)
  from space 13824K, 0% used [0x00000000f8580000,0x00000000f8580000,0x00000000f9300000)
  to   space 8704K, 0% used [0x00000000f9580000,0x00000000f9580000,0x00000000f9e00000)
 ParOldGen       total 349696K, used 349694K [0x00000000e0000000, 0x00000000f5580000, 0x00000000f5580000)
  object space 349696K, 99% used [0x00000000e0000000,0x00000000f557fa58,0x00000000f5580000)
 Metaspace       used 61714K, committed 62592K, reserved 1105920K
  class space    used 5696K, committed 6080K, reserved 1048576K
}
Event: 1914.824 GC heap before
{Heap before GC invocations=768 (full 623):
 PSYoungGen      total 62976K, used 49151K [0x00000000f5580000, 0x00000000fa180000, 0x0000000100000000)
  eden space 49152K, 99% used [0x00000000f5580000,0x00000000f857fff8,0x00000000f8580000)
  from space 13824K, 0% used [0x00000000f8580000,0x00000000f8580000,0x00000000f9300000)
  to   space 8704K, 0% used [0x00000000f9580000,0x00000000f9580000,0x00000000f9e00000)
 ParOldGen       total 349696K, used 349695K [0x00000000e0000000, 0x00000000f5580000, 0x00000000f5580000)
  object space 349696K, 99% used [0x00000000e0000000,0x00000000f557fff0,0x00000000f5580000)
 Metaspace       used 61714K, committed 62592K, reserved 1105920K
  class space    used 5696K, committed 6080K, reserved 1048576K
}
Event: 1917.816 GC heap after
{Heap after GC invocations=768 (full 623):
 PSYoungGen      total 57856K, used 49151K [0x00000000f5580000, 0x00000000fa180000, 0x0000000100000000)
  eden space 49152K, 99% used [0x00000000f5580000,0x00000000f857ff78,0x00000000f8580000)
  from space 8704K, 0% used [0x00000000f9580000,0x00000000f9580000,0x00000000f9e00000)
  to   space 13824K, 0% used [0x00000000f8580000,0x00000000f8580000,0x00000000f9300000)
 ParOldGen       total 349696K, used 349695K [0x00000000e0000000, 0x00000000f5580000, 0x00000000f5580000)
  object space 349696K, 99% used [0x00000000e0000000,0x00000000f557ff60,0x00000000f5580000)
 Metaspace       used 61714K, committed 62592K, reserved 1105920K
  class space    used 5696K, committed 6080K, reserved 1048576K
}
Event: 1917.816 GC heap before
{Heap before GC invocations=769 (full 624):
 PSYoungGen      total 57856K, used 49151K [0x00000000f5580000, 0x00000000fa180000, 0x0000000100000000)
  eden space 49152K, 99% used [0x00000000f5580000,0x00000000f857ff78,0x00000000f8580000)
  from space 8704K, 0% used [0x00000000f9580000,0x00000000f9580000,0x00000000f9e00000)
  to   space 13824K, 0% used [0x00000000f8580000,0x00000000f8580000,0x00000000f9300000)
 ParOldGen       total 349696K, used 349695K [0x00000000e0000000, 0x00000000f5580000, 0x00000000f5580000)
  object space 349696K, 99% used [0x00000000e0000000,0x00000000f557ff60,0x00000000f5580000)
 Metaspace       used 61714K, committed 62592K, reserved 1105920K
  class space    used 5696K, committed 6080K, reserved 1048576K
}
Event: 1920.641 GC heap after
{Heap after GC invocations=769 (full 624):
 PSYoungGen      total 62976K, used 49151K [0x00000000f5580000, 0x00000000fa180000, 0x0000000100000000)
  eden space 49152K, 99% used [0x00000000f5580000,0x00000000f857ff78,0x00000000f8580000)
  from space 13824K, 0% used [0x00000000f8580000,0x00000000f8580000,0x00000000f9300000)
  to   space 8704K, 0% used [0x00000000f9580000,0x00000000f9580000,0x00000000f9e00000)
 ParOldGen       total 349696K, used 349695K [0x00000000e0000000, 0x00000000f5580000, 0x00000000f5580000)
  object space 349696K, 99% used [0x00000000e0000000,0x00000000f557ff60,0x00000000f5580000)
 Metaspace       used 61714K, committed 62592K, reserved 1105920K
  class space    used 5696K, committed 6080K, reserved 1048576K
}
Event: 1920.642 GC heap before
{Heap before GC invocations=770 (full 625):
 PSYoungGen      total 62976K, used 49151K [0x00000000f5580000, 0x00000000fa180000, 0x0000000100000000)
  eden space 49152K, 99% used [0x00000000f5580000,0x00000000f857fff8,0x00000000f8580000)
  from space 13824K, 0% used [0x00000000f8580000,0x00000000f8580000,0x00000000f9300000)
  to   space 8704K, 0% used [0x00000000f9580000,0x00000000f9580000,0x00000000f9e00000)
 ParOldGen       total 349696K, used 349696K [0x00000000e0000000, 0x00000000f5580000, 0x00000000f5580000)
  object space 349696K, 100% used [0x00000000e0000000,0x00000000f5580000,0x00000000f5580000)
 Metaspace       used 61714K, committed 62592K, reserved 1105920K
  class space    used 5696K, committed 6080K, reserved 1048576K
}
Event: 1923.820 GC heap after
{Heap after GC invocations=770 (full 625):
 PSYoungGen      total 57856K, used 49151K [0x00000000f5580000, 0x00000000fa180000, 0x0000000100000000)
  eden space 49152K, 99% used [0x00000000f5580000,0x00000000f857ffd8,0x00000000f8580000)
  from space 8704K, 0% used [0x00000000f9580000,0x00000000f9580000,0x00000000f9e00000)
  to   space 13824K, 0% used [0x00000000f8580000,0x00000000f8580000,0x00000000f9300000)
 ParOldGen       total 349696K, used 349694K [0x00000000e0000000, 0x00000000f5580000, 0x00000000f5580000)
  object space 349696K, 99% used [0x00000000e0000000,0x00000000f557fa40,0x00000000f5580000)
 Metaspace       used 61714K, committed 62592K, reserved 1105920K
  class space    used 5696K, committed 6080K, reserved 1048576K
}
Event: 1923.821 GC heap before
{Heap before GC invocations=771 (full 626):
 PSYoungGen      total 57856K, used 49151K [0x00000000f5580000, 0x00000000fa180000, 0x0000000100000000)
  eden space 49152K, 99% used [0x00000000f5580000,0x00000000f857fff8,0x00000000f8580000)
  from space 8704K, 0% used [0x00000000f9580000,0x00000000f9580000,0x00000000f9e00000)
  to   space 13824K, 0% used [0x00000000f8580000,0x00000000f8580000,0x00000000f9300000)
 ParOldGen       total 349696K, used 349694K [0x00000000e0000000, 0x00000000f5580000, 0x00000000f5580000)
  object space 349696K, 99% used [0x00000000e0000000,0x00000000f557fa40,0x00000000f5580000)
 Metaspace       used 61714K, committed 62592K, reserved 1105920K
  class space    used 5696K, committed 6080K, reserved 1048576K
}
Event: 1926.305 GC heap after
{Heap after GC invocations=771 (full 626):
 PSYoungGen      total 62976K, used 49151K [0x00000000f5580000, 0x00000000fa180000, 0x0000000100000000)
  eden space 49152K, 99% used [0x00000000f5580000,0x00000000f857ffd8,0x00000000f8580000)
  from space 13824K, 0% used [0x00000000f8580000,0x00000000f8580000,0x00000000f9300000)
  to   space 8704K, 0% used [0x00000000f9580000,0x00000000f9580000,0x00000000f9e00000)
 ParOldGen       total 349696K, used 349694K [0x00000000e0000000, 0x00000000f5580000, 0x00000000f5580000)
  object space 349696K, 99% used [0x00000000e0000000,0x00000000f557fa40,0x00000000f5580000)
 Metaspace       used 61714K, committed 62592K, reserved 1105920K
  class space    used 5696K, committed 6080K, reserved 1048576K
}
Event: 1926.306 GC heap before
{Heap before GC invocations=772 (full 627):
 PSYoungGen      total 62976K, used 49151K [0x00000000f5580000, 0x00000000fa180000, 0x0000000100000000)
  eden space 49152K, 99% used [0x00000000f5580000,0x00000000f857fff8,0x00000000f8580000)
  from space 13824K, 0% used [0x00000000f8580000,0x00000000f8580000,0x00000000f9300000)
  to   space 8704K, 0% used [0x00000000f9580000,0x00000000f9580000,0x00000000f9e00000)
 ParOldGen       total 349696K, used 349694K [0x00000000e0000000, 0x00000000f5580000, 0x00000000f5580000)
  object space 349696K, 99% used [0x00000000e0000000,0x00000000f557fa40,0x00000000f5580000)
 Metaspace       used 61714K, committed 62592K, reserved 1105920K
  class space    used 5696K, committed 6080K, reserved 1048576K
}
Event: 1928.987 GC heap after
{Heap after GC invocations=772 (full 627):
 PSYoungGen      total 57856K, used 49151K [0x00000000f5580000, 0x00000000fa180000, 0x0000000100000000)
  eden space 49152K, 99% used [0x00000000f5580000,0x00000000f857fff8,0x00000000f8580000)
  from space 8704K, 0% used [0x00000000f9580000,0x00000000f9580000,0x00000000f9e00000)
  to   space 13824K, 0% used [0x00000000f8580000,0x00000000f8580000,0x00000000f9300000)
 ParOldGen       total 349696K, used 349694K [0x00000000e0000000, 0x00000000f5580000, 0x00000000f5580000)
  object space 349696K, 99% used [0x00000000e0000000,0x00000000f557fa20,0x00000000f5580000)
 Metaspace       used 61714K, committed 62592K, reserved 1105920K
  class space    used 5696K, committed 6080K, reserved 1048576K
}
Event: 1928.988 GC heap before
{Heap before GC invocations=773 (full 628):
 PSYoungGen      total 57856K, used 49151K [0x00000000f5580000, 0x00000000fa180000, 0x0000000100000000)
  eden space 49152K, 99% used [0x00000000f5580000,0x00000000f857fff8,0x00000000f8580000)
  from space 8704K, 0% used [0x00000000f9580000,0x00000000f9580000,0x00000000f9e00000)
  to   space 13824K, 0% used [0x00000000f8580000,0x00000000f8580000,0x00000000f9300000)
 ParOldGen       total 349696K, used 349694K [0x00000000e0000000, 0x00000000f5580000, 0x00000000f5580000)
  object space 349696K, 99% used [0x00000000e0000000,0x00000000f557fa30,0x00000000f5580000)
 Metaspace       used 61714K, committed 62592K, reserved 1105920K
  class space    used 5696K, committed 6080K, reserved 1048576K
}
Event: 1932.117 GC heap after
{Heap after GC invocations=773 (full 628):
 PSYoungGen      total 62976K, used 49151K [0x00000000f5580000, 0x00000000fa180000, 0x0000000100000000)
  eden space 49152K, 99% used [0x00000000f5580000,0x00000000f857ffd8,0x00000000f8580000)
  from space 13824K, 0% used [0x00000000f8580000,0x00000000f8580000,0x00000000f9300000)
  to   space 8704K, 0% used [0x00000000f9580000,0x00000000f9580000,0x00000000f9e00000)
 ParOldGen       total 349696K, used 349694K [0x00000000e0000000, 0x00000000f5580000, 0x00000000f5580000)
  object space 349696K, 99% used [0x00000000e0000000,0x00000000f557fa20,0x00000000f5580000)
 Metaspace       used 61714K, committed 62592K, reserved 1105920K
  class space    used 5696K, committed 6080K, reserved 1048576K
}
Event: 1932.117 GC heap before
{Heap before GC invocations=774 (full 629):
 PSYoungGen      total 62976K, used 49151K [0x00000000f5580000, 0x00000000fa180000, 0x0000000100000000)
  eden space 49152K, 99% used [0x00000000f5580000,0x00000000f857ffd8,0x00000000f8580000)
  from space 13824K, 0% used [0x00000000f8580000,0x00000000f8580000,0x00000000f9300000)
  to   space 8704K, 0% used [0x00000000f9580000,0x00000000f9580000,0x00000000f9e00000)
 ParOldGen       total 349696K, used 349694K [0x00000000e0000000, 0x00000000f5580000, 0x00000000f5580000)
  object space 349696K, 99% used [0x00000000e0000000,0x00000000f557fa20,0x00000000f5580000)
 Metaspace       used 61714K, committed 62592K, reserved 1105920K
  class space    used 5696K, committed 6080K, reserved 1048576K
}
Event: 1935.284 GC heap after
{Heap after GC invocations=774 (full 629):
 PSYoungGen      total 57856K, used 49151K [0x00000000f5580000, 0x00000000fa180000, 0x0000000100000000)
  eden space 49152K, 99% used [0x00000000f5580000,0x00000000f857ffd8,0x00000000f8580000)
  from space 8704K, 0% used [0x00000000f9580000,0x00000000f9580000,0x00000000f9e00000)
  to   space 13824K, 0% used [0x00000000f8580000,0x00000000f8580000,0x00000000f9300000)
 ParOldGen       total 349696K, used 349694K [0x00000000e0000000, 0x00000000f5580000, 0x00000000f5580000)
  object space 349696K, 99% used [0x00000000e0000000,0x00000000f557fa20,0x00000000f5580000)
 Metaspace       used 61714K, committed 62592K, reserved 1105920K
  class space    used 5696K, committed 6080K, reserved 1048576K
}

